<?xml version="1.0" encoding="UTF-8"?>
<!-- Generated by org.testng.reporters.JUnitReportReporter -->
<testsuite hostname="DESKTOP-BQKPNP3" failures="0" tests="1" name="testCases.TC_001_AccountRegistrationTest" time="4.811" errors="0" timestamp="2023-12-19T10:56:58 IST" skipped="0">
  <testcase classname="testCases.TC_001_AccountRegistrationTest" name="test_account_registration" time="4.811"/>
</testsuite> <!-- testCases.TC_001_AccountRegistrationTest -->
